4274570
3651476
5107722
2501962
7370888
8554603
7735990
1726651
9015720
1990415
8101360
3887982
9590930
2917955
3170337
5836610
5230297
8080928
7381494
3533149
4794583
5313563
3765404
1621269
3311131
6903682
7992393
5651136
7426815
7687483
3767057
6796892
9804310
4550551
6909211
9811783
8889618
6090032
8079296
8506582
4641892
5928577
1967857
2723382
2538839
9669086
9138722
3418657
1859999
7433890
9191309
5068977
2363827
8095820
2202254
3973813
7460008
2097487
2399134
1299708
1742587
4112297
8754116
4768825
8395528
5689126
5475776
1199181
9897490
6897525
5508860
9009097
3826621
9895021
5080154
8634225
8712350
9564285
2060910
6037525
4544266
3146081
4247643
1220853
9522071
4380595
3590181
3359415
7139932
9241888
9277685
8898506
1228398
9197314
2140528
3430639
5543437
9152433
1443181
6215350
