2936784
8238046
3867621
7306640
1679567
9085273
3614769
7723506
3613202
5033333
4499336
9849958
7772890
1608872
4690613
7801961
6340713
1280524
7256190
4421993
8154259
5739299
1518944
4262754
1288819
5721860
1668850
3902021
4949908
2495994
5218004
7517567
1348142
9937732
1031326
9999754
1518808
4962504
2222842
7132133
1352298
5783898
3741222
4690368
3321648
4549797
4247255
7981776
8108581
9514500
2445884
1160379
7575579
3688209
7457753
5319529
9223205
7235189
6251746
4210498
6448036
3473788
4828202
7371155
4789528
5686248
1942590
3606042
5383303
6390868
