3027284
1418627
8047641
5495425
5390358
1300606
2893529
1710873
9790417
3349614
4436873
6077888
5819080
7966189
3528946
5648518
6526309
7504234
5100237
9730690
2602726
3726312
2034945
4561886
2228023
3903190
6409117
4799631
6618996
3806355
8226057
9056856
8858969
8302647
8631626
7325578
2634994
6804289
4990783
8925433
4947386
6152274
1524566
1107205
6565100
3799051
4228458
8673168
9620483
6204346
4000081
2439214
1218593
6372260
2356620
1764524
4967637
7014412
1806367
8532290
7056552
1204916
6720090
9059479
8328205
4756970
8788355
3193512
2487770
8909610
5541312
7473059
5266761
9125849
4198987
9035217
6214677
3826607
9498338
4830857
