7689685
1304789
9530126
6290596
3300925
5327814
2558955
9756851
9349250
9372661
3552805
2124030
4306710
6122573
7138377
7760235
2721120
2686763
3305153
6378130
4722604
4880226
4066342
6698571
6449291
2011017
9714904
7415775
5423943
6963858
2245196
2550253
1376882
7109485
7876982
9414639
7322532
5745691
3803074
5387090
2850543
8740865
9186593
9311574
7627321
5593093
9478179
3575055
1400346
2844822
2613073
5077375
6887560
1806732
5935710
7336503
2871137
4539036
4433518
1369633
3082195
3836836
8080967
9277217
7032919
3133589
1767868
7343768
8062949
9563291
9781486
5544918
2387677
3639006
4127955
5272379
7894018
1963981
1828993
9734713
1596963
7359211
1326717
7367770
7727088
2110294
9593614
7474762
8666328
3419805
